#
# There is insufficient memory for the Java Runtime Environment to continue.
# Cannot create worker GC thread. Out of system resources.
# Possible reasons:
#   The system is out of physical RAM or swap space
#   The process is running with CompressedOops enabled, and the Java Heap may be blocking the growth of the native heap
# Possible solutions:
#   Reduce memory load on the system
#   Increase physical memory or swap space
#   Check if swap backing store is full
#   Decrease Java heap size (-Xmx/-Xms)
#   Decrease number of Java threads
#   Decrease Java thread stack sizes (-Xss)
#   Set larger code cache with -XX:ReservedCodeCacheSize=
# This output file may be truncated or incomplete.
#
#  Out of Memory Error (workerManager.hpp:70), pid=19726, tid=19744
#
# JRE version:  (11.0.6+10) (build )
# Java VM: OpenJDK 64-Bit Server VM (11.0.6+10-post-Ubuntu-1ubuntu118.04.1, mixed mode, sharing, tiered, compressed oops, g1 gc, linux-amd64)
# Core dump will be written. Default location: Core dumps may be processed with "/usr/share/apport/apport %p %s %c %d %P %E" (or dumping to /home/jerome/IdeaProjects/springboot-restserverapi/core.19726)
#

---------------  S U M M A R Y ------------

Command Line: -Dclassworlds.conf=/usr/share/maven/bin/m2.conf -Dmaven.home=/usr/share/maven -Dlibrary.jansi.path=/usr/share/maven/lib/jansi-native -Dmaven.multiModuleProjectDirectory= org.codehaus.plexus.classworlds.launcher.Launcher cargo:run -PspringbootServerDeploy

Host: Intel(R) Core(TM) i7-4610M CPU @ 3.00GHz, 4 cores, 15G, Linux Mint 19.1 Tessa
Time: Tue Mar 31 18:04:52 2020 CEST elapsed time: 0 seconds (0d 0h 0m 0s)

---------------  T H R E A D  ---------------

Current thread (0x00007f93b4015000):  JavaThread "Unknown thread" [_thread_in_vm, id=19744, stack(0x00007f93be693000,0x00007f93be794000)]

Stack: [0x00007f93be693000,0x00007f93be794000],  sp=0x00007f93be792580,  free space=1021k
Native frames: (J=compiled Java code, A=aot compiled Java code, j=interpreted, Vv=VM code, C=native code)
V  [libjvm.so+0xdefa33]
V  [libjvm.so+0xdf06bb]
V  [libjvm.so+0x6508a5]
V  [libjvm.so+0xe1c131]
V  [libjvm.so+0x73ff9e]
V  [libjvm.so+0x72db9a]
V  [libjvm.so+0xdaa0a2]
V  [libjvm.so+0xdaa336]
V  [libjvm.so+0x817157]
V  [libjvm.so+0xd81ac7]
V  [libjvm.so+0x8d1671]  JNI_CreateJavaVM+0x51
C  [libjli.so+0x4a66]
C  [libjli.so+0x92cd]


---------------  P R O C E S S  ---------------

Threads class SMR info:
_java_thread_list=0x000055f13b39c140, length=0, elements={
}

Java Threads: ( => current thread )

Other Threads:
  0x00007f93b402d800 GCTaskThread "GC Thread#0" [stack: 0x00007f93ba687000,0x00007f93ba787000] [id=19745]

[error occurred during error reporting (printing all threads), id 0xb, SIGSEGV (0xb) at pc=0x00007f93bcc69971]

VM state:not at safepoint (not fully initialized)

VM Mutex/Monitor currently owned by a thread:  ([mutex/lock_event])
[0x00007f93b4011b30] Heap_lock - owner thread: 0x00007f93b4015000

Heap address: 0x0000000706a00000, size: 3990 MB, Compressed Oops mode: Non-zero based: 0x0000000706a00000
Narrow klass base: 0x0000000000000000, Narrow klass shift: 0

GC Heap History (0 events):
No events

Deoptimization events (0 events):
No events

Classes redefined (0 events):
No events

Internal exceptions (0 events):
No events

Events (3 events):
Event: 0.010 Protecting memory [0x00007f93be693000,0x00007f93be697000] with protection modes 0
Event: 0.013 Loaded shared library /usr/lib/jvm/java-11-openjdk-amd64/lib/libzip.so
Event: 0.014 Loaded shared library /usr/lib/jvm/java-11-openjdk-amd64/lib/libjimage.so


Dynamic libraries:
706a00000-800000000 ---p 00000000 00:00 0 
55f13afa2000-55f13afa3000 r-xp 00000000 08:01 3937932                    /usr/lib/jvm/java-11-openjdk-amd64/bin/java
55f13b1a3000-55f13b1a4000 r--p 00001000 08:01 3937932                    /usr/lib/jvm/java-11-openjdk-amd64/bin/java
55f13b1a4000-55f13b1a5000 rw-p 00002000 08:01 3937932                    /usr/lib/jvm/java-11-openjdk-amd64/bin/java
55f13b384000-55f13b3a5000 rw-p 00000000 00:00 0                          [heap]
7f938c000000-7f938c021000 rw-p 00000000 00:00 0 
7f938c021000-7f9390000000 ---p 00000000 00:00 0 
7f9390350000-7f9398000000 ---p 00000000 00:00 0 
7f9398000000-7f9398021000 rw-p 00000000 00:00 0 
7f9398021000-7f939c000000 ---p 00000000 00:00 0 
7f939c910000-7f939cb80000 rwxp 00000000 00:00 0 
7f939cb80000-7f939cea0000 ---p 00000000 00:00 0 
7f939cea0000-7f939d110000 rwxp 00000000 00:00 0 
7f939d110000-7f93a43d8000 ---p 00000000 00:00 0 
7f93a43d8000-7f93a4648000 rwxp 00000000 00:00 0 
7f93a4648000-7f93ab910000 ---p 00000000 00:00 0 
7f93ab910000-7f93b4000000 r--s 00000000 08:01 3977151                    /usr/lib/jvm/java-11-openjdk-amd64/lib/modules
7f93b4000000-7f93b4097000 rw-p 00000000 00:00 0 
7f93b4097000-7f93b8000000 ---p 00000000 00:00 0 
7f93b891c000-7f93b891d000 ---p 00000000 00:00 0 
7f93b891d000-7f93b8a1e000 rw-p 00000000 00:00 0 
7f93b8a1e000-7f93b8a1f000 ---p 00000000 00:00 0 
7f93b8a1f000-7f93b8b20000 rw-p 00000000 00:00 0 
7f93b8b20000-7f93ba281000 ---p 00000000 00:00 0 
7f93ba281000-7f93ba685000 rw-p 00000000 00:00 0 
7f93ba685000-7f93ba686000 ---p 00000000 00:00 0 
7f93ba686000-7f93ba78c000 rw-p 00000000 00:00 0 
7f93ba78c000-7f93ba872000 ---p 00000000 00:00 0 
7f93ba872000-7f93ba877000 rw-p 00000000 00:00 0 
7f93ba877000-7f93ba95d000 ---p 00000000 00:00 0 
7f93ba95d000-7f93ba962000 r-xp 00000000 08:01 3977133                    /usr/lib/jvm/java-11-openjdk-amd64/lib/libjimage.so
7f93ba962000-7f93bab61000 ---p 00005000 08:01 3977133                    /usr/lib/jvm/java-11-openjdk-amd64/lib/libjimage.so
7f93bab61000-7f93bab62000 r--p 00004000 08:01 3977133                    /usr/lib/jvm/java-11-openjdk-amd64/lib/libjimage.so
7f93bab62000-7f93bab63000 rw-p 00005000 08:01 3977133                    /usr/lib/jvm/java-11-openjdk-amd64/lib/libjimage.so
7f93bab63000-7f93bab6a000 r-xp 00000000 08:01 3977150                    /usr/lib/jvm/java-11-openjdk-amd64/lib/libzip.so
7f93bab6a000-7f93bad69000 ---p 00007000 08:01 3977150                    /usr/lib/jvm/java-11-openjdk-amd64/lib/libzip.so
7f93bad69000-7f93bad6a000 r--p 00006000 08:01 3977150                    /usr/lib/jvm/java-11-openjdk-amd64/lib/libzip.so
7f93bad6a000-7f93bad6b000 rw-p 00007000 08:01 3977150                    /usr/lib/jvm/java-11-openjdk-amd64/lib/libzip.so
7f93bad6b000-7f93bad76000 r-xp 00000000 08:01 5640901                    /lib/x86_64-linux-gnu/libnss_files-2.27.so
7f93bad76000-7f93baf75000 ---p 0000b000 08:01 5640901                    /lib/x86_64-linux-gnu/libnss_files-2.27.so
7f93baf75000-7f93baf76000 r--p 0000a000 08:01 5640901                    /lib/x86_64-linux-gnu/libnss_files-2.27.so
7f93baf76000-7f93baf77000 rw-p 0000b000 08:01 5640901                    /lib/x86_64-linux-gnu/libnss_files-2.27.so
7f93baf77000-7f93baf7d000 rw-p 00000000 00:00 0 
7f93baf7d000-7f93baf94000 r-xp 00000000 08:01 5640895                    /lib/x86_64-linux-gnu/libnsl-2.27.so
7f93baf94000-7f93bb193000 ---p 00017000 08:01 5640895                    /lib/x86_64-linux-gnu/libnsl-2.27.so
7f93bb193000-7f93bb194000 r--p 00016000 08:01 5640895                    /lib/x86_64-linux-gnu/libnsl-2.27.so
7f93bb194000-7f93bb195000 rw-p 00017000 08:01 5640895                    /lib/x86_64-linux-gnu/libnsl-2.27.so
7f93bb195000-7f93bb197000 rw-p 00000000 00:00 0 
7f93bb197000-7f93bb1a2000 r-xp 00000000 08:01 5640912                    /lib/x86_64-linux-gnu/libnss_nis-2.27.so
7f93bb1a2000-7f93bb3a1000 ---p 0000b000 08:01 5640912                    /lib/x86_64-linux-gnu/libnss_nis-2.27.so
7f93bb3a1000-7f93bb3a2000 r--p 0000a000 08:01 5640912                    /lib/x86_64-linux-gnu/libnss_nis-2.27.so
7f93bb3a2000-7f93bb3a3000 rw-p 0000b000 08:01 5640912                    /lib/x86_64-linux-gnu/libnss_nis-2.27.so
7f93bb3a3000-7f93bb3ab000 r-xp 00000000 08:01 5640897                    /lib/x86_64-linux-gnu/libnss_compat-2.27.so
7f93bb3ab000-7f93bb5ab000 ---p 00008000 08:01 5640897                    /lib/x86_64-linux-gnu/libnss_compat-2.27.so
7f93bb5ab000-7f93bb5ac000 r--p 00008000 08:01 5640897                    /lib/x86_64-linux-gnu/libnss_compat-2.27.so
7f93bb5ac000-7f93bb5ad000 rw-p 00009000 08:01 5640897                    /lib/x86_64-linux-gnu/libnss_compat-2.27.so
7f93bb5ad000-7f93bb5d6000 r-xp 00000000 08:01 3977129                    /usr/lib/jvm/java-11-openjdk-amd64/lib/libjava.so
7f93bb5d6000-7f93bb7d5000 ---p 00029000 08:01 3977129                    /usr/lib/jvm/java-11-openjdk-amd64/lib/libjava.so
7f93bb7d5000-7f93bb7d6000 r--p 00028000 08:01 3977129                    /usr/lib/jvm/java-11-openjdk-amd64/lib/libjava.so
7f93bb7d6000-7f93bb7d8000 rw-p 00029000 08:01 3977129                    /usr/lib/jvm/java-11-openjdk-amd64/lib/libjava.so
7f93bb7d8000-7f93bb7e5000 r-xp 00000000 08:01 3977149                    /usr/lib/jvm/java-11-openjdk-amd64/lib/libverify.so
7f93bb7e5000-7f93bb9e4000 ---p 0000d000 08:01 3977149                    /usr/lib/jvm/java-11-openjdk-amd64/lib/libverify.so
7f93bb9e4000-7f93bb9e6000 r--p 0000c000 08:01 3977149                    /usr/lib/jvm/java-11-openjdk-amd64/lib/libverify.so
7f93bb9e6000-7f93bb9e7000 rw-p 0000e000 08:01 3977149                    /usr/lib/jvm/java-11-openjdk-amd64/lib/libverify.so
7f93bb9e7000-7f93bb9ee000 r-xp 00000000 08:01 5640952                    /lib/x86_64-linux-gnu/librt-2.27.so
7f93bb9ee000-7f93bbbed000 ---p 00007000 08:01 5640952                    /lib/x86_64-linux-gnu/librt-2.27.so
7f93bbbed000-7f93bbbee000 r--p 00006000 08:01 5640952                    /lib/x86_64-linux-gnu/librt-2.27.so
7f93bbbee000-7f93bbbef000 rw-p 00007000 08:01 5640952                    /lib/x86_64-linux-gnu/librt-2.27.so
7f93bbbef000-7f93bbc06000 r-xp 00000000 08:01 5636278                    /lib/x86_64-linux-gnu/libgcc_s.so.1
7f93bbc06000-7f93bbe05000 ---p 00017000 08:01 5636278                    /lib/x86_64-linux-gnu/libgcc_s.so.1
7f93bbe05000-7f93bbe06000 r--p 00016000 08:01 5636278                    /lib/x86_64-linux-gnu/libgcc_s.so.1
7f93bbe06000-7f93bbe07000 rw-p 00017000 08:01 5636278                    /lib/x86_64-linux-gnu/libgcc_s.so.1
7f93bbe07000-7f93bbfa4000 r-xp 00000000 08:01 5640874                    /lib/x86_64-linux-gnu/libm-2.27.so
7f93bbfa4000-7f93bc1a3000 ---p 0019d000 08:01 5640874                    /lib/x86_64-linux-gnu/libm-2.27.so
7f93bc1a3000-7f93bc1a4000 r--p 0019c000 08:01 5640874                    /lib/x86_64-linux-gnu/libm-2.27.so
7f93bc1a4000-7f93bc1a5000 rw-p 0019d000 08:01 5640874                    /lib/x86_64-linux-gnu/libm-2.27.so
7f93bc1a5000-7f93bc31e000 r-xp 00000000 08:01 3932171                    /usr/lib/x86_64-linux-gnu/libstdc++.so.6.0.25
7f93bc31e000-7f93bc51e000 ---p 00179000 08:01 3932171                    /usr/lib/x86_64-linux-gnu/libstdc++.so.6.0.25
7f93bc51e000-7f93bc528000 r--p 00179000 08:01 3932171                    /usr/lib/x86_64-linux-gnu/libstdc++.so.6.0.25
7f93bc528000-7f93bc52a000 rw-p 00183000 08:01 3932171                    /usr/lib/x86_64-linux-gnu/libstdc++.so.6.0.25
7f93bc52a000-7f93bc52e000 rw-p 00000000 00:00 0 
7f93bc52e000-7f93bd607000 r-xp 00000000 08:01 3977154                    /usr/lib/jvm/java-11-openjdk-amd64/lib/server/libjvm.so
7f93bd607000-7f93bd806000 ---p 010d9000 08:01 3977154                    /usr/lib/jvm/java-11-openjdk-amd64/lib/server/libjvm.so
7f93bd806000-7f93bd8c3000 r--p 010d8000 08:01 3977154                    /usr/lib/jvm/java-11-openjdk-amd64/lib/server/libjvm.so
7f93bd8c3000-7f93bd8fd000 rw-p 01195000 08:01 3977154                    /usr/lib/jvm/java-11-openjdk-amd64/lib/server/libjvm.so
7f93bd8fd000-7f93bd953000 rw-p 00000000 00:00 0 
7f93bd953000-7f93bd96d000 r-xp 00000000 08:01 5640944                    /lib/x86_64-linux-gnu/libpthread-2.27.so
7f93bd96d000-7f93bdb6c000 ---p 0001a000 08:01 5640944                    /lib/x86_64-linux-gnu/libpthread-2.27.so
7f93bdb6c000-7f93bdb6d000 r--p 00019000 08:01 5640944                    /lib/x86_64-linux-gnu/libpthread-2.27.so
7f93bdb6d000-7f93bdb6e000 rw-p 0001a000 08:01 5640944                    /lib/x86_64-linux-gnu/libpthread-2.27.so
7f93bdb6e000-7f93bdb72000 rw-p 00000000 00:00 0 
7f93bdb72000-7f93bdb75000 r-xp 00000000 08:01 5640834                    /lib/x86_64-linux-gnu/libdl-2.27.so
7f93bdb75000-7f93bdd74000 ---p 00003000 08:01 5640834                    /lib/x86_64-linux-gnu/libdl-2.27.so
7f93bdd74000-7f93bdd75000 r--p 00002000 08:01 5640834                    /lib/x86_64-linux-gnu/libdl-2.27.so
7f93bdd75000-7f93bdd76000 rw-p 00003000 08:01 5640834                    /lib/x86_64-linux-gnu/libdl-2.27.so
7f93bdd76000-7f93bdd92000 r-xp 00000000 08:01 5640985                    /lib/x86_64-linux-gnu/libz.so.1.2.11
7f93bdd92000-7f93bdf91000 ---p 0001c000 08:01 5640985                    /lib/x86_64-linux-gnu/libz.so.1.2.11
7f93bdf91000-7f93bdf92000 r--p 0001b000 08:01 5640985                    /lib/x86_64-linux-gnu/libz.so.1.2.11
7f93bdf92000-7f93bdf93000 rw-p 0001c000 08:01 5640985                    /lib/x86_64-linux-gnu/libz.so.1.2.11
7f93bdf93000-7f93be17a000 r-xp 00000000 08:01 5640811                    /lib/x86_64-linux-gnu/libc-2.27.so
7f93be17a000-7f93be37a000 ---p 001e7000 08:01 5640811                    /lib/x86_64-linux-gnu/libc-2.27.so
7f93be37a000-7f93be37e000 r--p 001e7000 08:01 5640811                    /lib/x86_64-linux-gnu/libc-2.27.so
7f93be37e000-7f93be380000 rw-p 001eb000 08:01 5640811                    /lib/x86_64-linux-gnu/libc-2.27.so
7f93be380000-7f93be384000 rw-p 00000000 00:00 0 
7f93be384000-7f93be394000 r-xp 00000000 08:01 3977113                    /usr/lib/jvm/java-11-openjdk-amd64/lib/jli/libjli.so
7f93be394000-7f93be593000 ---p 00010000 08:01 3977113                    /usr/lib/jvm/java-11-openjdk-amd64/lib/jli/libjli.so
7f93be593000-7f93be594000 r--p 0000f000 08:01 3977113                    /usr/lib/jvm/java-11-openjdk-amd64/lib/jli/libjli.so
7f93be594000-7f93be595000 rw-p 00010000 08:01 3977113                    /usr/lib/jvm/java-11-openjdk-amd64/lib/jli/libjli.so
7f93be595000-7f93be5bc000 r-xp 00000000 08:01 5640783                    /lib/x86_64-linux-gnu/ld-2.27.so
7f93be60e000-7f93be693000 rw-p 00000000 00:00 0 
7f93be693000-7f93be697000 ---p 00000000 00:00 0 
7f93be697000-7f93be796000 rw-p 00000000 00:00 0 
7f93be7a4000-7f93be7a9000 rw-p 00000000 00:00 0 
7f93be7a9000-7f93be7b0000 ---p 00000000 00:00 0 
7f93be7b0000-7f93be7b8000 rw-s 00000000 08:01 2359360                    /tmp/hsperfdata_jerome/19726
7f93be7b8000-7f93be7b9000 ---p 00000000 00:00 0 
7f93be7b9000-7f93be7ba000 r--p 00000000 00:00 0 
7f93be7ba000-7f93be7bc000 rw-p 00000000 00:00 0 
7f93be7bc000-7f93be7bd000 r--p 00027000 08:01 5640783                    /lib/x86_64-linux-gnu/ld-2.27.so
7f93be7bd000-7f93be7be000 rw-p 00028000 08:01 5640783                    /lib/x86_64-linux-gnu/ld-2.27.so
7f93be7be000-7f93be7bf000 rw-p 00000000 00:00 0 
7ffc9c93a000-7ffc9c95c000 rw-p 00000000 00:00 0                          [stack]
7ffc9c9a6000-7ffc9c9a9000 r--p 00000000 00:00 0                          [vvar]
7ffc9c9a9000-7ffc9c9ab000 r-xp 00000000 00:00 0                          [vdso]
ffffffffff600000-ffffffffff601000 r-xp 00000000 00:00 0                  [vsyscall]


VM Arguments:
jvm_args: -Dclassworlds.conf=/usr/share/maven/bin/m2.conf -Dmaven.home=/usr/share/maven -Dlibrary.jansi.path=/usr/share/maven/lib/jansi-native -Dmaven.multiModuleProjectDirectory= 
java_command: org.codehaus.plexus.classworlds.launcher.Launcher cargo:run -PspringbootServerDeploy
java_class_path (initial): /usr/share/maven/boot/plexus-classworlds-2.x.jar
Launcher Type: SUN_STANDARD

[Global flags]
     intx CICompilerCount                          = 3                                         {product} {ergonomic}
     uint ConcGCThreads                            = 1                                         {product} {ergonomic}
     uint G1ConcRefinementThreads                  = 4                                         {product} {ergonomic}
   size_t G1HeapRegionSize                         = 1048576                                   {product} {ergonomic}
    uintx GCDrainStackTargetSize                   = 64                                        {product} {ergonomic}
   size_t InitialHeapSize                          = 262144000                                 {product} {ergonomic}
   size_t MaxHeapSize                              = 4183818240                                {product} {ergonomic}
   size_t MinHeapDeltaBytes                        = 1048576                                   {product} {ergonomic}
    uintx NonNMethodCodeHeapSize                   = 5830732                                {pd product} {ergonomic}
    uintx NonProfiledCodeHeapSize                  = 122913754                              {pd product} {ergonomic}
    uintx ProfiledCodeHeapSize                     = 122913754                              {pd product} {ergonomic}
    uintx ReservedCodeCacheSize                    = 251658240                              {pd product} {ergonomic}
     bool SegmentedCodeCache                       = true                                      {product} {ergonomic}
     bool UseCompressedClassPointers               = true                                 {lp64_product} {ergonomic}
     bool UseCompressedOops                        = true                                 {lp64_product} {ergonomic}
     bool UseG1GC                                  = true                                      {product} {ergonomic}

Logging:
Log output configuration:
 #0: stdout all=warning uptime,level,tags
 #1: stderr all=off uptime,level,tags

Environment Variables:
PATH=/home/jerome/.local/bin:/usr/local/sbin:/usr/local/bin:/usr/sbin:/usr/bin:/sbin:/bin:/usr/games:/usr/local/games:/snap/bin
SHELL=/bin/bash
DISPLAY=:0

Signal Handlers:
SIGSEGV: [libjvm.so+0xdf1470], sa_mask[0]=11111111011111111101111111111110, sa_flags=SA_RESTART|SA_SIGINFO
SIGBUS: [libjvm.so+0xdf1470], sa_mask[0]=11111111011111111101111111111110, sa_flags=SA_RESTART|SA_SIGINFO
SIGFPE: [libjvm.so+0xdf1470], sa_mask[0]=11111111011111111101111111111110, sa_flags=SA_RESTART|SA_SIGINFO
SIGPIPE: [libjvm.so+0xbc5560], sa_mask[0]=11111111011111111101111111111110, sa_flags=SA_RESTART|SA_SIGINFO
SIGXFSZ: [libjvm.so+0xbc5560], sa_mask[0]=11111111011111111101111111111110, sa_flags=SA_RESTART|SA_SIGINFO
SIGILL: [libjvm.so+0xdf1470], sa_mask[0]=11111111011111111101111111111110, sa_flags=SA_RESTART|SA_SIGINFO
SIGUSR2: [libjvm.so+0xbc5400], sa_mask[0]=00100000000000000000000000000000, sa_flags=SA_RESTART|SA_SIGINFO
SIGHUP: SIG_IGN, sa_mask[0]=00000000000000000000000000000000, sa_flags=none
SIGINT: SIG_DFL, sa_mask[0]=00000000000000000000000000000000, sa_flags=none
SIGTERM: SIG_DFL, sa_mask[0]=00000000000000000000000000000000, sa_flags=none
SIGQUIT: SIG_DFL, sa_mask[0]=00000000000000000000000000000000, sa_flags=none


---------------  S Y S T E M  ---------------

OS:DISTRIB_ID=LinuxMint
DISTRIB_RELEASE=19.1
DISTRIB_CODENAME=tessa
DISTRIB_DESCRIPTION="Linux Mint 19.1 Tessa"
uname:Linux 4.15.0-91-generic #92-Ubuntu SMP Fri Feb 28 11:09:48 UTC 2020 x86_64
libc:glibc 2.27 NPTL 2.27 
rlimit: STACK 8192k, CORE 0k, NPROC 63555, NOFILE 4096, AS infinity, DATA infinity, FSIZE infinity
load average:3.62 2.54 1.73

/proc/meminfo:
MemTotal:       16336428 kB
MemFree:          253224 kB
MemAvailable:    9028180 kB
Buffers:          454064 kB
Cached:          7618336 kB
SwapCached:        48064 kB
Active:          7649628 kB
Inactive:        6423788 kB
Active(anon):    5289632 kB
Inactive(anon):   966604 kB
Active(file):    2359996 kB
Inactive(file):  5457184 kB
Unevictable:         104 kB
Mlocked:             104 kB
SwapTotal:       2097148 kB
SwapFree:        1127932 kB
Dirty:            135500 kB
Writeback:             0 kB
AnonPages:       5980800 kB
Mapped:           550828 kB
Shmem:            255936 kB
Slab:            1634356 kB
SReclaimable:    1292232 kB
SUnreclaim:       342124 kB
KernelStack:      179328 kB
PageTables:        98500 kB
NFS_Unstable:          0 kB
Bounce:                0 kB
WritebackTmp:          0 kB
CommitLimit:    10265360 kB
Committed_AS:   24321832 kB
VmallocTotal:   34359738367 kB
VmallocUsed:           0 kB
VmallocChunk:          0 kB
HardwareCorrupted:     0 kB
AnonHugePages:         0 kB
ShmemHugePages:        0 kB
ShmemPmdMapped:        0 kB
CmaTotal:              0 kB
CmaFree:               0 kB
HugePages_Total:       0
HugePages_Free:        0
HugePages_Rsvd:        0
HugePages_Surp:        0
Hugepagesize:       2048 kB
DirectMap4k:     1035776 kB
DirectMap2M:    15652864 kB
DirectMap1G:           0 kB


/proc/sys/kernel/threads-max (system-wide limit on the number of threads):
127111


/proc/sys/vm/max_map_count (maximum number of memory map areas a process may have):
65530


/proc/sys/kernel/pid_max (system-wide limit on number of process identifiers):
32768



container (cgroup) information:
container_type: cgroupv1
cpu_cpuset_cpus: 0-3
cpu_memory_nodes: 0
active_processor_count: 4
cpu_quota: -1
cpu_period: 100000
cpu_shares: -1
memory_limit_in_bytes: -1
memory_and_swap_limit_in_bytes: -2
memory_soft_limit_in_bytes: -1
memory_usage_in_bytes: 14392213504
memory_max_usage_in_bytes: 12894060544

Steal ticks since vm start: 0
Steal ticks percentage since vm start:  0.000

CPU:total 4 (initial active 4) (2 cores per cpu, 2 threads per core) family 6 model 60 stepping 3, cmov, cx8, fxsr, mmx, sse, sse2, sse3, ssse3, sse4.1, sse4.2, popcnt, avx, avx2, aes, clmul, erms, lzcnt, ht, tsc, tscinvbit, bmi1, bmi2, fma
CPU Model and flags from /proc/cpuinfo:
model name	: Intel(R) Core(TM) i7-4610M CPU @ 3.00GHz
flags		: fpu vme de pse tsc msr pae mce cx8 apic sep mtrr pge mca cmov pat pse36 clflush dts acpi mmx fxsr sse sse2 ss ht tm pbe syscall nx pdpe1gb rdtscp lm constant_tsc arch_perfmon pebs bts rep_good nopl xtopology nonstop_tsc cpuid aperfmperf pni pclmulqdq dtes64 monitor ds_cpl vmx smx est tm2 ssse3 sdbg fma cx16 xtpr pdcm pcid sse4_1 sse4_2 x2apic movbe popcnt tsc_deadline_timer aes xsave avx f16c rdrand lahf_lm abm cpuid_fault epb invpcid_single pti ssbd ibrs ibpb stibp tpr_shadow vnmi flexpriority ept vpid fsgsbase tsc_adjust bmi1 avx2 smep bmi2 erms invpcid xsaveopt dtherm ida arat pln pts md_clear flush_l1d

Memory: 4k page, physical 16336428k(253224k free), swap 2097148k(1127932k free)

vm_info: OpenJDK 64-Bit Server VM (11.0.6+10-post-Ubuntu-1ubuntu118.04.1) for linux-amd64 JRE (11.0.6+10-post-Ubuntu-1ubuntu118.04.1), built on Jan 15 2020 15:14:00 by "unknown" with gcc 7.4.0

END.
