#
# There is insufficient memory for the Java Runtime Environment to continue.
# Cannot create worker GC thread. Out of system resources.
# Possible reasons:
#   The system is out of physical RAM or swap space
#   The process is running with CompressedOops enabled, and the Java Heap may be blocking the growth of the native heap
# Possible solutions:
#   Reduce memory load on the system
#   Increase physical memory or swap space
#   Check if swap backing store is full
#   Decrease Java heap size (-Xmx/-Xms)
#   Decrease number of Java threads
#   Decrease Java thread stack sizes (-Xss)
#   Set larger code cache with -XX:ReservedCodeCacheSize=
#   JVM is running with Unscaled Compressed Oops mode in which the Java heap is
#     placed in the first 4GB address space. The Java Heap base address is the
#     maximum limit for the native heap growth. Please use -XX:HeapBaseMinAddress
#     to set the Java Heap base and to place the Java Heap above 4GB virtual address.
# This output file may be truncated or incomplete.
#
#  Out of Memory Error (workerManager.hpp:70), pid=2759, tid=2783
#
# JRE version:  (11.0.6+10) (build )
# Java VM: OpenJDK 64-Bit Server VM (11.0.6+10-post-Ubuntu-1ubuntu118.04.1, mixed mode, sharing, tiered, compressed oops, g1 gc, linux-amd64)
# Core dump will be written. Default location: Core dumps may be processed with "/usr/share/apport/apport %p %s %c %d %P %E" (or dumping to /home/jerome/IdeaProjects/springboot-restserverapi/core.2759)
#

---------------  S U M M A R Y ------------

Command Line: -Dclassworlds.conf=/usr/share/maven/bin/m2.conf -Dmaven.home=/usr/share/maven -Dlibrary.jansi.path=/usr/share/maven/lib/jansi-native -Dmaven.multiModuleProjectDirectory= org.codehaus.plexus.classworlds.launcher.Launcher clean install -PintegrationTest

Host: Intel(R) Core(TM) i7-4610M CPU @ 3.00GHz, 4 cores, 15G, Linux Mint 19.1 Tessa
Time: Wed Apr  1 17:25:37 2020 CEST elapsed time: 0 seconds (0d 0h 0m 0s)

---------------  T H R E A D  ---------------

Current thread (0x00007f5c50015000):  JavaThread "Unknown thread" [_thread_in_vm, id=2783, stack(0x00007f5c572f5000,0x00007f5c573f6000)]

Stack: [0x00007f5c572f5000,0x00007f5c573f6000],  sp=0x00007f5c573f4640,  free space=1021k
Native frames: (J=compiled Java code, A=aot compiled Java code, j=interpreted, Vv=VM code, C=native code)
V  [libjvm.so+0xdefa33]
V  [libjvm.so+0xdf06bb]
V  [libjvm.so+0x6508a5]
V  [libjvm.so+0xe1c131]
V  [libjvm.so+0x729735]
V  [libjvm.so+0x71b2d9]
V  [libjvm.so+0xdaa092]
V  [libjvm.so+0xdaa336]
V  [libjvm.so+0x817157]
V  [libjvm.so+0xd81ac7]
V  [libjvm.so+0x8d1671]  JNI_CreateJavaVM+0x51
C  [libjli.so+0x4a66]
C  [libjli.so+0x92cd]


---------------  P R O C E S S  ---------------

Threads class SMR info:
_java_thread_list=0x00005607c3b02180, length=0, elements={
}

Java Threads: ( => current thread )

Other Threads:

[error occurred during error reporting (printing all threads), id 0xb, SIGSEGV (0xb) at pc=0x00007f5c55f0e6ae]

VM state:not at safepoint (not fully initialized)

VM Mutex/Monitor currently owned by a thread: None


[error occurred during error reporting (printing compressed oops mode), id 0xb, SIGSEGV (0xb) at pc=0x00007f5c55f38a73]

GC Heap History (0 events):
No events

Deoptimization events (0 events):
No events

Classes redefined (0 events):
No events

Internal exceptions (0 events):
No events

Events (3 events):
Event: 0.001 Protecting memory [0x00007f5c572f5000,0x00007f5c572f9000] with protection modes 0
Event: 0.002 Loaded shared library /usr/lib/jvm/java-11-openjdk-amd64/lib/libzip.so
Event: 0.002 Loaded shared library /usr/lib/jvm/java-11-openjdk-amd64/lib/libjimage.so


Dynamic libraries:
5607c235d000-5607c235e000 r-xp 00000000 08:01 3937932                    /usr/lib/jvm/java-11-openjdk-amd64/bin/java
5607c255e000-5607c255f000 r--p 00001000 08:01 3937932                    /usr/lib/jvm/java-11-openjdk-amd64/bin/java
5607c255f000-5607c2560000 rw-p 00002000 08:01 3937932                    /usr/lib/jvm/java-11-openjdk-amd64/bin/java
5607c3aea000-5607c3b0b000 rw-p 00000000 00:00 0                          [heap]
7f5c37bf2000-7f5c37bf3000 ---p 00000000 00:00 0 
7f5c37bf3000-7f5c37cf9000 rw-p 00000000 00:00 0 
7f5c37cf9000-7f5c37ddf000 ---p 00000000 00:00 0 
7f5c37ddf000-7f5c37de4000 rw-p 00000000 00:00 0 
7f5c37de4000-7f5c37eca000 ---p 00000000 00:00 0 
7f5c37eca000-7f5c3813a000 rwxp 00000000 00:00 0 
7f5c3813a000-7f5c3845a000 ---p 00000000 00:00 0 
7f5c3845a000-7f5c386ca000 rwxp 00000000 00:00 0 
7f5c386ca000-7f5c3f992000 ---p 00000000 00:00 0 
7f5c3f992000-7f5c3fc02000 rwxp 00000000 00:00 0 
7f5c3fc02000-7f5c46eca000 ---p 00000000 00:00 0 
7f5c46eca000-7f5c4f5ba000 r--s 00000000 08:01 3977151                    /usr/lib/jvm/java-11-openjdk-amd64/lib/modules
7f5c4f5ba000-7f5c4f5bf000 r-xp 00000000 08:01 3977133                    /usr/lib/jvm/java-11-openjdk-amd64/lib/libjimage.so
7f5c4f5bf000-7f5c4f7be000 ---p 00005000 08:01 3977133                    /usr/lib/jvm/java-11-openjdk-amd64/lib/libjimage.so
7f5c4f7be000-7f5c4f7bf000 r--p 00004000 08:01 3977133                    /usr/lib/jvm/java-11-openjdk-amd64/lib/libjimage.so
7f5c4f7bf000-7f5c4f7c0000 rw-p 00005000 08:01 3977133                    /usr/lib/jvm/java-11-openjdk-amd64/lib/libjimage.so
7f5c4f7c0000-7f5c4f7c7000 r-xp 00000000 08:01 3977150                    /usr/lib/jvm/java-11-openjdk-amd64/lib/libzip.so
7f5c4f7c7000-7f5c4f9c6000 ---p 00007000 08:01 3977150                    /usr/lib/jvm/java-11-openjdk-amd64/lib/libzip.so
7f5c4f9c6000-7f5c4f9c7000 r--p 00006000 08:01 3977150                    /usr/lib/jvm/java-11-openjdk-amd64/lib/libzip.so
7f5c4f9c7000-7f5c4f9c8000 rw-p 00007000 08:01 3977150                    /usr/lib/jvm/java-11-openjdk-amd64/lib/libzip.so
7f5c4f9c8000-7f5c4f9d3000 r-xp 00000000 08:01 5640901                    /lib/x86_64-linux-gnu/libnss_files-2.27.so
7f5c4f9d3000-7f5c4fbd2000 ---p 0000b000 08:01 5640901                    /lib/x86_64-linux-gnu/libnss_files-2.27.so
7f5c4fbd2000-7f5c4fbd3000 r--p 0000a000 08:01 5640901                    /lib/x86_64-linux-gnu/libnss_files-2.27.so
7f5c4fbd3000-7f5c4fbd4000 rw-p 0000b000 08:01 5640901                    /lib/x86_64-linux-gnu/libnss_files-2.27.so
7f5c4fbd4000-7f5c4fbda000 rw-p 00000000 00:00 0 
7f5c4fbda000-7f5c4fbf1000 r-xp 00000000 08:01 5640895                    /lib/x86_64-linux-gnu/libnsl-2.27.so
7f5c4fbf1000-7f5c4fdf0000 ---p 00017000 08:01 5640895                    /lib/x86_64-linux-gnu/libnsl-2.27.so
7f5c4fdf0000-7f5c4fdf1000 r--p 00016000 08:01 5640895                    /lib/x86_64-linux-gnu/libnsl-2.27.so
7f5c4fdf1000-7f5c4fdf2000 rw-p 00017000 08:01 5640895                    /lib/x86_64-linux-gnu/libnsl-2.27.so
7f5c4fdf2000-7f5c4fdf4000 rw-p 00000000 00:00 0 
7f5c4fdf4000-7f5c4fdff000 r-xp 00000000 08:01 5640912                    /lib/x86_64-linux-gnu/libnss_nis-2.27.so
7f5c4fdff000-7f5c4fffe000 ---p 0000b000 08:01 5640912                    /lib/x86_64-linux-gnu/libnss_nis-2.27.so
7f5c4fffe000-7f5c4ffff000 r--p 0000a000 08:01 5640912                    /lib/x86_64-linux-gnu/libnss_nis-2.27.so
7f5c4ffff000-7f5c50000000 rw-p 0000b000 08:01 5640912                    /lib/x86_64-linux-gnu/libnss_nis-2.27.so
7f5c50000000-7f5c50037000 rw-p 00000000 00:00 0 
7f5c50037000-7f5c54000000 ---p 00000000 00:00 0 
7f5c54005000-7f5c5400d000 r-xp 00000000 08:01 5640897                    /lib/x86_64-linux-gnu/libnss_compat-2.27.so
7f5c5400d000-7f5c5420d000 ---p 00008000 08:01 5640897                    /lib/x86_64-linux-gnu/libnss_compat-2.27.so
7f5c5420d000-7f5c5420e000 r--p 00008000 08:01 5640897                    /lib/x86_64-linux-gnu/libnss_compat-2.27.so
7f5c5420e000-7f5c5420f000 rw-p 00009000 08:01 5640897                    /lib/x86_64-linux-gnu/libnss_compat-2.27.so
7f5c5420f000-7f5c54238000 r-xp 00000000 08:01 3977129                    /usr/lib/jvm/java-11-openjdk-amd64/lib/libjava.so
7f5c54238000-7f5c54437000 ---p 00029000 08:01 3977129                    /usr/lib/jvm/java-11-openjdk-amd64/lib/libjava.so
7f5c54437000-7f5c54438000 r--p 00028000 08:01 3977129                    /usr/lib/jvm/java-11-openjdk-amd64/lib/libjava.so
7f5c54438000-7f5c5443a000 rw-p 00029000 08:01 3977129                    /usr/lib/jvm/java-11-openjdk-amd64/lib/libjava.so
7f5c5443a000-7f5c54447000 r-xp 00000000 08:01 3977149                    /usr/lib/jvm/java-11-openjdk-amd64/lib/libverify.so
7f5c54447000-7f5c54646000 ---p 0000d000 08:01 3977149                    /usr/lib/jvm/java-11-openjdk-amd64/lib/libverify.so
7f5c54646000-7f5c54648000 r--p 0000c000 08:01 3977149                    /usr/lib/jvm/java-11-openjdk-amd64/lib/libverify.so
7f5c54648000-7f5c54649000 rw-p 0000e000 08:01 3977149                    /usr/lib/jvm/java-11-openjdk-amd64/lib/libverify.so
7f5c54649000-7f5c54650000 r-xp 00000000 08:01 5640952                    /lib/x86_64-linux-gnu/librt-2.27.so
7f5c54650000-7f5c5484f000 ---p 00007000 08:01 5640952                    /lib/x86_64-linux-gnu/librt-2.27.so
7f5c5484f000-7f5c54850000 r--p 00006000 08:01 5640952                    /lib/x86_64-linux-gnu/librt-2.27.so
7f5c54850000-7f5c54851000 rw-p 00007000 08:01 5640952                    /lib/x86_64-linux-gnu/librt-2.27.so
7f5c54851000-7f5c54868000 r-xp 00000000 08:01 5636278                    /lib/x86_64-linux-gnu/libgcc_s.so.1
7f5c54868000-7f5c54a67000 ---p 00017000 08:01 5636278                    /lib/x86_64-linux-gnu/libgcc_s.so.1
7f5c54a67000-7f5c54a68000 r--p 00016000 08:01 5636278                    /lib/x86_64-linux-gnu/libgcc_s.so.1
7f5c54a68000-7f5c54a69000 rw-p 00017000 08:01 5636278                    /lib/x86_64-linux-gnu/libgcc_s.so.1
7f5c54a69000-7f5c54c06000 r-xp 00000000 08:01 5640874                    /lib/x86_64-linux-gnu/libm-2.27.so
7f5c54c06000-7f5c54e05000 ---p 0019d000 08:01 5640874                    /lib/x86_64-linux-gnu/libm-2.27.so
7f5c54e05000-7f5c54e06000 r--p 0019c000 08:01 5640874                    /lib/x86_64-linux-gnu/libm-2.27.so
7f5c54e06000-7f5c54e07000 rw-p 0019d000 08:01 5640874                    /lib/x86_64-linux-gnu/libm-2.27.so
7f5c54e07000-7f5c54f80000 r-xp 00000000 08:01 3932171                    /usr/lib/x86_64-linux-gnu/libstdc++.so.6.0.25
7f5c54f80000-7f5c55180000 ---p 00179000 08:01 3932171                    /usr/lib/x86_64-linux-gnu/libstdc++.so.6.0.25
7f5c55180000-7f5c5518a000 r--p 00179000 08:01 3932171                    /usr/lib/x86_64-linux-gnu/libstdc++.so.6.0.25
7f5c5518a000-7f5c5518c000 rw-p 00183000 08:01 3932171                    /usr/lib/x86_64-linux-gnu/libstdc++.so.6.0.25
7f5c5518c000-7f5c55190000 rw-p 00000000 00:00 0 
7f5c55190000-7f5c56269000 r-xp 00000000 08:01 3977154                    /usr/lib/jvm/java-11-openjdk-amd64/lib/server/libjvm.so
7f5c56269000-7f5c56468000 ---p 010d9000 08:01 3977154                    /usr/lib/jvm/java-11-openjdk-amd64/lib/server/libjvm.so
7f5c56468000-7f5c56525000 r--p 010d8000 08:01 3977154                    /usr/lib/jvm/java-11-openjdk-amd64/lib/server/libjvm.so
7f5c56525000-7f5c5655f000 rw-p 01195000 08:01 3977154                    /usr/lib/jvm/java-11-openjdk-amd64/lib/server/libjvm.so
7f5c5655f000-7f5c565b5000 rw-p 00000000 00:00 0 
7f5c565b5000-7f5c565cf000 r-xp 00000000 08:01 5640944                    /lib/x86_64-linux-gnu/libpthread-2.27.so
7f5c565cf000-7f5c567ce000 ---p 0001a000 08:01 5640944                    /lib/x86_64-linux-gnu/libpthread-2.27.so
7f5c567ce000-7f5c567cf000 r--p 00019000 08:01 5640944                    /lib/x86_64-linux-gnu/libpthread-2.27.so
7f5c567cf000-7f5c567d0000 rw-p 0001a000 08:01 5640944                    /lib/x86_64-linux-gnu/libpthread-2.27.so
7f5c567d0000-7f5c567d4000 rw-p 00000000 00:00 0 
7f5c567d4000-7f5c567d7000 r-xp 00000000 08:01 5640834                    /lib/x86_64-linux-gnu/libdl-2.27.so
7f5c567d7000-7f5c569d6000 ---p 00003000 08:01 5640834                    /lib/x86_64-linux-gnu/libdl-2.27.so
7f5c569d6000-7f5c569d7000 r--p 00002000 08:01 5640834                    /lib/x86_64-linux-gnu/libdl-2.27.so
7f5c569d7000-7f5c569d8000 rw-p 00003000 08:01 5640834                    /lib/x86_64-linux-gnu/libdl-2.27.so
7f5c569d8000-7f5c569f4000 r-xp 00000000 08:01 5640985                    /lib/x86_64-linux-gnu/libz.so.1.2.11
7f5c569f4000-7f5c56bf3000 ---p 0001c000 08:01 5640985                    /lib/x86_64-linux-gnu/libz.so.1.2.11
7f5c56bf3000-7f5c56bf4000 r--p 0001b000 08:01 5640985                    /lib/x86_64-linux-gnu/libz.so.1.2.11
7f5c56bf4000-7f5c56bf5000 rw-p 0001c000 08:01 5640985                    /lib/x86_64-linux-gnu/libz.so.1.2.11
7f5c56bf5000-7f5c56ddc000 r-xp 00000000 08:01 5640811                    /lib/x86_64-linux-gnu/libc-2.27.so
7f5c56ddc000-7f5c56fdc000 ---p 001e7000 08:01 5640811                    /lib/x86_64-linux-gnu/libc-2.27.so
7f5c56fdc000-7f5c56fe0000 r--p 001e7000 08:01 5640811                    /lib/x86_64-linux-gnu/libc-2.27.so
7f5c56fe0000-7f5c56fe2000 rw-p 001eb000 08:01 5640811                    /lib/x86_64-linux-gnu/libc-2.27.so
7f5c56fe2000-7f5c56fe6000 rw-p 00000000 00:00 0 
7f5c56fe6000-7f5c56ff6000 r-xp 00000000 08:01 3977113                    /usr/lib/jvm/java-11-openjdk-amd64/lib/jli/libjli.so
7f5c56ff6000-7f5c571f5000 ---p 00010000 08:01 3977113                    /usr/lib/jvm/java-11-openjdk-amd64/lib/jli/libjli.so
7f5c571f5000-7f5c571f6000 r--p 0000f000 08:01 3977113                    /usr/lib/jvm/java-11-openjdk-amd64/lib/jli/libjli.so
7f5c571f6000-7f5c571f7000 rw-p 00010000 08:01 3977113                    /usr/lib/jvm/java-11-openjdk-amd64/lib/jli/libjli.so
7f5c571f7000-7f5c5721e000 r-xp 00000000 08:01 5640783                    /lib/x86_64-linux-gnu/ld-2.27.so
7f5c572f5000-7f5c572f9000 ---p 00000000 00:00 0 
7f5c572f9000-7f5c573f8000 rw-p 00000000 00:00 0 
7f5c57406000-7f5c5740b000 rw-p 00000000 00:00 0 
7f5c5740b000-7f5c57412000 ---p 00000000 00:00 0 
7f5c57412000-7f5c5741a000 rw-s 00000000 08:01 2490727                    /tmp/hsperfdata_jerome/2759
7f5c5741a000-7f5c5741b000 ---p 00000000 00:00 0 
7f5c5741b000-7f5c5741c000 r--p 00000000 00:00 0 
7f5c5741c000-7f5c5741e000 rw-p 00000000 00:00 0 
7f5c5741e000-7f5c5741f000 r--p 00027000 08:01 5640783                    /lib/x86_64-linux-gnu/ld-2.27.so
7f5c5741f000-7f5c57420000 rw-p 00028000 08:01 5640783                    /lib/x86_64-linux-gnu/ld-2.27.so
7f5c57420000-7f5c57421000 rw-p 00000000 00:00 0 
7ffec88bd000-7ffec88de000 rw-p 00000000 00:00 0                          [stack]
7ffec88de000-7ffec88e1000 r--p 00000000 00:00 0                          [vvar]
7ffec88e1000-7ffec88e3000 r-xp 00000000 00:00 0                          [vdso]
ffffffffff600000-ffffffffff601000 r-xp 00000000 00:00 0                  [vsyscall]


VM Arguments:
jvm_args: -Dclassworlds.conf=/usr/share/maven/bin/m2.conf -Dmaven.home=/usr/share/maven -Dlibrary.jansi.path=/usr/share/maven/lib/jansi-native -Dmaven.multiModuleProjectDirectory= 
java_command: org.codehaus.plexus.classworlds.launcher.Launcher clean install -PintegrationTest
java_class_path (initial): /usr/share/maven/boot/plexus-classworlds-2.x.jar
Launcher Type: SUN_STANDARD

[Global flags]
     intx CICompilerCount                          = 3                                         {product} {ergonomic}
     uint G1ConcRefinementThreads                  = 4                                         {product} {ergonomic}
   size_t G1HeapRegionSize                         = 1048576                                   {product} {ergonomic}
    uintx GCDrainStackTargetSize                   = 64                                        {product} {ergonomic}
   size_t InitialHeapSize                          = 262144000                                 {product} {ergonomic}
   size_t MaxHeapSize                              = 4183818240                                {product} {ergonomic}
   size_t MinHeapDeltaBytes                        = 1048576                                   {product} {ergonomic}
    uintx NonNMethodCodeHeapSize                   = 5830732                                {pd product} {ergonomic}
    uintx NonProfiledCodeHeapSize                  = 122913754                              {pd product} {ergonomic}
    uintx ProfiledCodeHeapSize                     = 122913754                              {pd product} {ergonomic}
    uintx ReservedCodeCacheSize                    = 251658240                              {pd product} {ergonomic}
     bool SegmentedCodeCache                       = true                                      {product} {ergonomic}
     bool UseCompressedClassPointers               = true                                 {lp64_product} {ergonomic}
     bool UseCompressedOops                        = true                                 {lp64_product} {ergonomic}
     bool UseG1GC                                  = true                                      {product} {ergonomic}

Logging:
Log output configuration:
 #0: stdout all=warning uptime,level,tags
 #1: stderr all=off uptime,level,tags

Environment Variables:
PATH=/home/jerome/.local/bin:/usr/local/sbin:/usr/local/bin:/usr/sbin:/usr/bin:/sbin:/bin:/usr/games:/usr/local/games:/snap/bin
SHELL=/bin/bash
DISPLAY=:0

Signal Handlers:
SIGSEGV: [libjvm.so+0xdf1470], sa_mask[0]=11111111011111111101111111111110, sa_flags=SA_RESTART|SA_SIGINFO
SIGBUS: [libjvm.so+0xdf1470], sa_mask[0]=11111111011111111101111111111110, sa_flags=SA_RESTART|SA_SIGINFO
SIGFPE: [libjvm.so+0xdf1470], sa_mask[0]=11111111011111111101111111111110, sa_flags=SA_RESTART|SA_SIGINFO
SIGPIPE: [libjvm.so+0xbc5560], sa_mask[0]=11111111011111111101111111111110, sa_flags=SA_RESTART|SA_SIGINFO
SIGXFSZ: [libjvm.so+0xbc5560], sa_mask[0]=11111111011111111101111111111110, sa_flags=SA_RESTART|SA_SIGINFO
SIGILL: [libjvm.so+0xdf1470], sa_mask[0]=11111111011111111101111111111110, sa_flags=SA_RESTART|SA_SIGINFO
SIGUSR2: [libjvm.so+0xbc5400], sa_mask[0]=00100000000000000000000000000000, sa_flags=SA_RESTART|SA_SIGINFO
SIGHUP: SIG_DFL, sa_mask[0]=00000000000000000000000000000000, sa_flags=none
SIGINT: SIG_DFL, sa_mask[0]=00000000000000000000000000000000, sa_flags=none
SIGTERM: SIG_DFL, sa_mask[0]=00000000000000000000000000000000, sa_flags=none
SIGQUIT: SIG_DFL, sa_mask[0]=00000000000000000000000000000000, sa_flags=none


---------------  S Y S T E M  ---------------

OS:DISTRIB_ID=LinuxMint
DISTRIB_RELEASE=19.1
DISTRIB_CODENAME=tessa
DISTRIB_DESCRIPTION="Linux Mint 19.1 Tessa"
uname:Linux 4.15.0-91-generic #92-Ubuntu SMP Fri Feb 28 11:09:48 UTC 2020 x86_64
libc:glibc 2.27 NPTL 2.27 
rlimit: STACK 8192k, CORE 0k, NPROC 63555, NOFILE 4096, AS infinity, DATA infinity, FSIZE infinity
load average:3.02 2.33 1.50

/proc/meminfo:
MemTotal:       16336428 kB
MemFree:         1625136 kB
MemAvailable:    9955480 kB
Buffers:          490120 kB
Cached:          7584064 kB
SwapCached:        11356 kB
Active:          8004212 kB
Inactive:        5320648 kB
Active(anon):    4613772 kB
Inactive(anon):   802068 kB
Active(file):    3390440 kB
Inactive(file):  4518580 kB
Unevictable:          52 kB
Mlocked:              52 kB
SwapTotal:       2097148 kB
SwapFree:        1865468 kB
Dirty:             18732 kB
Writeback:             0 kB
AnonPages:       5246388 kB
Mapped:           522740 kB
Shmem:            170828 kB
Slab:            1036736 kB
SReclaimable:     758552 kB
SUnreclaim:       278184 kB
KernelStack:      178392 kB
PageTables:        79228 kB
NFS_Unstable:          0 kB
Bounce:                0 kB
WritebackTmp:          0 kB
CommitLimit:    10265360 kB
Committed_AS:   20735188 kB
VmallocTotal:   34359738367 kB
VmallocUsed:           0 kB
VmallocChunk:          0 kB
HardwareCorrupted:     0 kB
AnonHugePages:         0 kB
ShmemHugePages:        0 kB
ShmemPmdMapped:        0 kB
CmaTotal:              0 kB
CmaFree:               0 kB
HugePages_Total:       0
HugePages_Free:        0
HugePages_Rsvd:        0
HugePages_Surp:        0
Hugepagesize:       2048 kB
DirectMap4k:      216576 kB
DirectMap2M:     9132032 kB
DirectMap1G:     7340032 kB


/proc/sys/kernel/threads-max (system-wide limit on the number of threads):
127111


/proc/sys/vm/max_map_count (maximum number of memory map areas a process may have):
65530


/proc/sys/kernel/pid_max (system-wide limit on number of process identifiers):
32768



container (cgroup) information:
container_type: cgroupv1
cpu_cpuset_cpus: 0-3
cpu_memory_nodes: 0
active_processor_count: 4
cpu_quota: -1
cpu_period: 100000
cpu_shares: -1
memory_limit_in_bytes: -1
memory_and_swap_limit_in_bytes: -2
memory_soft_limit_in_bytes: -1
memory_usage_in_bytes: 6558126080
memory_max_usage_in_bytes: 7696023552

Steal ticks since vm start: 0
Steal ticks percentage since vm start:  0.000

CPU:total 4 (initial active 4) (2 cores per cpu, 2 threads per core) family 6 model 60 stepping 3, cmov, cx8, fxsr, mmx, sse, sse2, sse3, ssse3, sse4.1, sse4.2, popcnt, avx, avx2, aes, clmul, erms, lzcnt, ht, tsc, tscinvbit, bmi1, bmi2, fma
CPU Model and flags from /proc/cpuinfo:
model name	: Intel(R) Core(TM) i7-4610M CPU @ 3.00GHz
flags		: fpu vme de pse tsc msr pae mce cx8 apic sep mtrr pge mca cmov pat pse36 clflush dts acpi mmx fxsr sse sse2 ss ht tm pbe syscall nx pdpe1gb rdtscp lm constant_tsc arch_perfmon pebs bts rep_good nopl xtopology nonstop_tsc cpuid aperfmperf pni pclmulqdq dtes64 monitor ds_cpl vmx smx est tm2 ssse3 sdbg fma cx16 xtpr pdcm pcid sse4_1 sse4_2 x2apic movbe popcnt tsc_deadline_timer aes xsave avx f16c rdrand lahf_lm abm cpuid_fault epb invpcid_single pti ssbd ibrs ibpb stibp tpr_shadow vnmi flexpriority ept vpid fsgsbase tsc_adjust bmi1 avx2 smep bmi2 erms invpcid xsaveopt dtherm ida arat pln pts md_clear flush_l1d

Memory: 4k page, physical 16336428k(1625136k free), swap 2097148k(1865468k free)

vm_info: OpenJDK 64-Bit Server VM (11.0.6+10-post-Ubuntu-1ubuntu118.04.1) for linux-amd64 JRE (11.0.6+10-post-Ubuntu-1ubuntu118.04.1), built on Jan 15 2020 15:14:00 by "unknown" with gcc 7.4.0

END.
